<?xml version="1.0" encoding="UTF-8"?>
<!-- Generated by org.testng.reporters.JUnitReportReporter -->
<testsuite hostname="DESKTOP-7S7LCUO" failures="0" tests="1" name="com.expandTesting.dataproviders.LoginData" time="1.813" errors="0" timestamp="2025-01-07T11:06:49 IST" skipped="0">
  <testcase classname="com.expandTesting.dataproviders.LoginData" name="loginData" time="1.813"/>
</testsuite> <!-- com.expandTesting.dataproviders.LoginData -->
