<?xml version="1.0" encoding="UTF-8"?>
<!-- Generated by org.testng.reporters.JUnitReportReporter -->
<testsuite hostname="DESKTOP-7S7LCUO" failures="0" tests="2" name="com.expandTesting.tests.LoginTest" time="17.141" errors="0" timestamp="2025-01-10T15:01:55 IST" skipped="0">
  <testcase classname="com.expandTesting.tests.LoginTest" name="loginTestWithValidCred" time="7.170"/>
  <testcase classname="com.expandTesting.tests.LoginTest" name="loginTestWithInValidCred" time="9.971"/>
</testsuite> <!-- com.expandTesting.tests.LoginTest -->
