<?xml version="1.0" encoding="UTF-8"?>
<!-- Generated by org.testng.reporters.JUnitReportReporter -->
<testsuite hostname="DESKTOP-7S7LCUO" failures="0" tests="1" name="com.expandTesting.tests.WebInputsTest" time="3.181" errors="0" timestamp="2025-01-06T16:45:09 IST" skipped="0">
  <testcase classname="com.expandTesting.tests.WebInputsTest" name="verifyWebInputsBtn" time="3.181"/>
</testsuite> <!-- com.expandTesting.tests.WebInputsTest -->
