<?xml version="1.0" encoding="UTF-8"?>
<!-- Generated by org.testng.reporters.JUnitReportReporter -->
<testsuite hostname="DESKTOP-7S7LCUO" failures="0" tests="1" name="com.expandTesting.tests.WebInputsTest" time="4.064" errors="0" timestamp="2025-01-10T15:12:06 IST" skipped="0">
  <testcase classname="com.expandTesting.tests.WebInputsTest" name="verifyWebInputsBtn" time="4.064"/>
</testsuite> <!-- com.expandTesting.tests.WebInputsTest -->
